<?xml version="1.0" encoding="UTF-8"?>
<!-- Generated by org.testng.reporters.JUnitReportReporter -->
<testsuite skipped="4" hostname="Dell1" name="demo.Test_HW_WExtReports_Add2Cart_EmptyCart" tests="5" failures="0" timestamp="2021-11-20T05:57:45 GMT" time="2.049" errors="1">
  <testcase name="setUpTest" time="2.049" classname="demo.Test_HW_WExtReports_Add2Cart_EmptyCart">
    <error type="org.openqa.selenium.SessionNotCreatedException" message="session not created: This version of ChromeDriver only supports Chrome version 92
Current browser version is 96.0.4664.45 with binary path C:\Program Files (x86)\Google\Chrome\Application\chrome.exe
Build info: version: &#039;3.141.59&#039;, revision: &#039;e82be7d358&#039;, time: &#039;2018-11-14T08:17:03&#039;
System info: host: &#039;DELL1&#039;, ip: &#039;192.168.188.1&#039;, os.name: &#039;Windows 10&#039;, os.arch: &#039;amd64&#039;, os.version: &#039;10.0&#039;, java.version: &#039;1.8.0_231&#039;
Driver info: driver.version: ChromeDriver
remote stacktrace: Backtrace:
	Ordinal0 [0x011E2A33+2501171]
	Ordinal0 [0x0117D1C1+2085313]
	Ordinal0 [0x01081FA8+1056680]
	Ordinal0 [0x010A020A+1180170]
	Ordinal0 [0x0109C125+1163557]
	Ordinal0 [0x0109997F+1153407]
	Ordinal0 [0x010C999F+1350047]
	Ordinal0 [0x010C960A+1349130]
	Ordinal0 [0x010C551B+1332507]
	Ordinal0 [0x010A1D74+1187188]
	Ordinal0 [0x010A2BD9+1190873]
	GetHandleVerifier [0x0135EFE6+1504438]
	GetHandleVerifier [0x0140DDA5+2220661]
	GetHandleVerifier [0x01265589+481881]
	GetHandleVerifier [0x01264639+477961]
	Ordinal0 [0x011828BD+2107581]
	Ordinal0 [0x01186728+2123560]
	Ordinal0 [0x01186862+2123874]
	Ordinal0 [0x0118FA81+2161281]
	BaseThreadInitThunk [0x76BBFA29+25]
	RtlGetAppContainerNamedObjectPath [0x77AC7A9E+286]
	RtlGetAppContainerNamedObjectPath [0x77AC7A6E+238]
">
      <![CDATA[org.openqa.selenium.SessionNotCreatedException: session not created: This version of ChromeDriver only supports Chrome version 92
Current browser version is 96.0.4664.45 with binary path C:\Program Files (x86)\Google\Chrome\Application\chrome.exe
Build info: version: '3.141.59', revision: 'e82be7d358', time: '2018-11-14T08:17:03'
System info: host: 'DELL1', ip: '192.168.188.1', os.name: 'Windows 10', os.arch: 'amd64', os.version: '10.0', java.version: '1.8.0_231'
Driver info: driver.version: ChromeDriver
remote stacktrace: Backtrace:
Ordinal0 [0x011E2A33+2501171]
Ordinal0 [0x0117D1C1+2085313]
Ordinal0 [0x01081FA8+1056680]
Ordinal0 [0x010A020A+1180170]
Ordinal0 [0x0109C125+1163557]
Ordinal0 [0x0109997F+1153407]
Ordinal0 [0x010C999F+1350047]
Ordinal0 [0x010C960A+1349130]
Ordinal0 [0x010C551B+1332507]
Ordinal0 [0x010A1D74+1187188]
Ordinal0 [0x010A2BD9+1190873]
GetHandleVerifier [0x0135EFE6+1504438]
GetHandleVerifier [0x0140DDA5+2220661]
GetHandleVerifier [0x01265589+481881]
GetHandleVerifier [0x01264639+477961]
Ordinal0 [0x011828BD+2107581]
Ordinal0 [0x01186728+2123560]
Ordinal0 [0x01186862+2123874]
Ordinal0 [0x0118FA81+2161281]
BaseThreadInitThunk [0x76BBFA29+25]
RtlGetAppContainerNamedObjectPath [0x77AC7A9E+286]
RtlGetAppContainerNamedObjectPath [0x77AC7A6E+238]

at sun.reflect.NativeConstructorAccessorImpl.newInstance0(Native Method)
at sun.reflect.NativeConstructorAccessorImpl.newInstance(NativeConstructorAccessorImpl.java:62)
at sun.reflect.DelegatingConstructorAccessorImpl.newInstance(DelegatingConstructorAccessorImpl.java:45)
at java.lang.reflect.Constructor.newInstance(Constructor.java:423)
at org.openqa.selenium.remote.W3CHandshakeResponse.lambda$errorHandler$0(W3CHandshakeResponse.java:62)
at org.openqa.selenium.remote.HandshakeResponse.lambda$getResponseFunction$0(HandshakeResponse.java:30)
at org.openqa.selenium.remote.ProtocolHandshake.lambda$createSession$0(ProtocolHandshake.java:126)
at java.util.stream.ReferencePipeline$3$1.accept(ReferencePipeline.java:193)
at java.util.Spliterators$ArraySpliterator.tryAdvance(Spliterators.java:958)
at java.util.stream.ReferencePipeline.forEachWithCancel(ReferencePipeline.java:126)
at java.util.stream.AbstractPipeline.copyIntoWithCancel(AbstractPipeline.java:499)
at java.util.stream.AbstractPipeline.copyInto(AbstractPipeline.java:486)
at java.util.stream.AbstractPipeline.wrapAndCopyInto(AbstractPipeline.java:472)
at java.util.stream.FindOps$FindOp.evaluateSequential(FindOps.java:152)
at java.util.stream.AbstractPipeline.evaluate(AbstractPipeline.java:234)
at java.util.stream.ReferencePipeline.findFirst(ReferencePipeline.java:464)
at org.openqa.selenium.remote.ProtocolHandshake.createSession(ProtocolHandshake.java:128)
at org.openqa.selenium.remote.ProtocolHandshake.createSession(ProtocolHandshake.java:74)
at org.openqa.selenium.remote.HttpCommandExecutor.execute(HttpCommandExecutor.java:136)
at org.openqa.selenium.remote.service.DriverCommandExecutor.execute(DriverCommandExecutor.java:83)
at org.openqa.selenium.remote.RemoteWebDriver.execute(RemoteWebDriver.java:552)
at org.openqa.selenium.remote.RemoteWebDriver.startSession(RemoteWebDriver.java:213)
at org.openqa.selenium.remote.RemoteWebDriver.<init>(RemoteWebDriver.java:131)
at org.openqa.selenium.chrome.ChromeDriver.<init>(ChromeDriver.java:181)
at org.openqa.selenium.chrome.ChromeDriver.<init>(ChromeDriver.java:168)
at org.openqa.selenium.chrome.ChromeDriver.<init>(ChromeDriver.java:123)
at demo.Test_HW_WExtReports_Add2Cart_EmptyCart.setUpTest(Test_HW_WExtReports_Add2Cart_EmptyCart.java:52)
at sun.reflect.NativeMethodAccessorImpl.invoke0(Native Method)
at sun.reflect.NativeMethodAccessorImpl.invoke(NativeMethodAccessorImpl.java:62)
at sun.reflect.DelegatingMethodAccessorImpl.invoke(DelegatingMethodAccessorImpl.java:43)
at java.lang.reflect.Method.invoke(Method.java:498)
at org.testng.internal.MethodInvocationHelper.invokeMethod(MethodInvocationHelper.java:133)
at org.testng.internal.MethodInvocationHelper.invokeMethodConsideringTimeout(MethodInvocationHelper.java:62)
at org.testng.internal.ConfigInvoker.invokeConfigurationMethod(ConfigInvoker.java:340)
at org.testng.internal.ConfigInvoker.invokeConfigurations(ConfigInvoker.java:294)
at org.testng.TestRunner.invokeTestConfigurations(TestRunner.java:623)
at org.testng.TestRunner.beforeRun(TestRunner.java:613)
at org.testng.TestRunner.run(TestRunner.java:584)
at org.testng.SuiteRunner.runTest(SuiteRunner.java:402)
at org.testng.SuiteRunner.runSequentially(SuiteRunner.java:396)
at org.testng.SuiteRunner.privateRun(SuiteRunner.java:355)
at org.testng.SuiteRunner.run(SuiteRunner.java:304)
at org.testng.SuiteRunnerWorker.runSuite(SuiteRunnerWorker.java:53)
at org.testng.SuiteRunnerWorker.run(SuiteRunnerWorker.java:96)
at org.testng.TestNG.runSuitesSequentially(TestNG.java:1180)
at org.testng.TestNG.runSuitesLocally(TestNG.java:1102)
at org.testng.TestNG.runSuites(TestNG.java:1032)
at org.testng.TestNG.run(TestNG.java:1000)
at org.testng.remote.AbstractRemoteTestNG.run(AbstractRemoteTestNG.java:115)
at org.testng.remote.RemoteTestNG.initAndRun(RemoteTestNG.java:251)
at org.testng.remote.RemoteTestNG.main(RemoteTestNG.java:77)
]]>
    </error>
  </testcase> <!-- setUpTest -->
  <testcase name="test1" time="0.000" classname="demo.Test_HW_WExtReports_Add2Cart_EmptyCart">
    <skipped/>
  </testcase> <!-- test1 -->
  <testcase name="test5" time="0.000" classname="demo.Test_HW_WExtReports_Add2Cart_EmptyCart">
    <skipped/>
  </testcase> <!-- test5 -->
  <testcase name="test3" time="0.000" classname="demo.Test_HW_WExtReports_Add2Cart_EmptyCart">
    <skipped/>
  </testcase> <!-- test3 -->
  <testcase name="test2" time="0.000" classname="demo.Test_HW_WExtReports_Add2Cart_EmptyCart">
    <skipped/>
  </testcase> <!-- test2 -->
</testsuite> <!-- demo.Test_HW_WExtReports_Add2Cart_EmptyCart -->
